<?xml version="1.0" encoding="UTF-8"?>
<!-- Generated by org.testng.reporters.JUnitReportReporter -->
<testsuite hostname="DESKTOP-5KTOU1E" failures="0" tests="1" name="FKM.Account_Summary" time="15.800" errors="0" timestamp="2024-08-29T14:39:04 IST" skipped="0">
  <testcase classname="FKM.Account_Summary" name="Account" time="15.800"/>
  <system-out/>
</testsuite> <!-- FKM.Account_Summary -->
