<?xml version="1.0" encoding="UTF-8"?>
<!-- Generated by org.testng.reporters.JUnitReportReporter -->
<testsuite hostname="DESKTOP-5KTOU1E" failures="0" tests="1" name="FKM.ShopNow_DealDetail" time="16.780" errors="0" timestamp="2024-08-29T15:59:26 IST" skipped="0">
  <testcase classname="FKM.ShopNow_DealDetail" name="shopNow_ByDeal" time="16.780"/>
  <system-out/>
</testsuite> <!-- FKM.ShopNow_DealDetail -->
