<?xml version="1.0" encoding="UTF-8"?>
<!-- Generated by org.testng.reporters.JUnitReportReporter -->
<testsuite hostname="DESKTOP-5KTOU1E" failures="0" tests="1" name="FKM.Report_Missing" time="35.036" errors="0" timestamp="2024-08-29T15:59:26 IST" skipped="0">
  <testcase classname="FKM.Report_Missing" name="Report_form" time="35.036"/>
  <system-out/>
</testsuite> <!-- FKM.Report_Missing -->
