<?xml version="1.0" encoding="UTF-8"?>
<!-- Generated by org.testng.reporters.JUnitReportReporter -->
<testsuite hostname="DESKTOP-5KTOU1E" failures="0" tests="1" name="FKM.Cashback_History" time="22.141" errors="0" timestamp="2024-08-29T17:02:38 IST" skipped="0">
  <testcase classname="FKM.Cashback_History" name="cb_history" time="22.141"/>
  <system-out/>
</testsuite> <!-- FKM.Cashback_History -->
