<?xml version="1.0" encoding="UTF-8"?>
<!-- Generated by org.testng.reporters.JUnitReportReporter -->
<testsuite hostname="DESKTOP-5KTOU1E" failures="0" tests="1" name="FKM.Notification" time="16.617" errors="0" timestamp="2024-08-29T15:59:26 IST" skipped="0">
  <testcase classname="FKM.Notification" name="notification" time="16.617"/>
  <system-out/>
</testsuite> <!-- FKM.Notification -->
