<?xml version="1.0" encoding="UTF-8"?>
<!-- Generated by org.testng.reporters.JUnitReportReporter -->
<testsuite hostname="DESKTOP-5KTOU1E" failures="0" tests="1" name="FKM.WebStory" time="19.198" errors="0" timestamp="2024-08-29T15:59:26 IST" skipped="0">
  <testcase classname="FKM.WebStory" name="Web" time="19.198"/>
  <system-out/>
</testsuite> <!-- FKM.WebStory -->
