<?xml version="1.0" encoding="UTF-8"?>
<!-- Generated by org.testng.reporters.JUnitReportReporter -->
<testsuite hostname="DESKTOP-5KTOU1E" failures="0" tests="1" name="FKM.CouponsFunctionality" time="19.461" errors="0" timestamp="2024-08-29T15:59:26 IST" skipped="0">
  <testcase classname="FKM.CouponsFunctionality" name="coupon" time="19.461"/>
  <system-out>
    <![CDATA[Code is LUCKY10]]>
  </system-out>
</testsuite> <!-- FKM.CouponsFunctionality -->
