<?xml version="1.0" encoding="UTF-8"?>
<!-- Generated by org.testng.reporters.JUnitReportReporter -->
<testsuite hostname="DESKTOP-5KTOU1E" failures="0" tests="1" name="FKM.Claim_Form" time="49.869" errors="0" timestamp="2024-08-29T17:06:10 IST" skipped="0">
  <testcase classname="FKM.Claim_Form" name="claim" time="49.869"/>
  <system-out/>
</testsuite> <!-- FKM.Claim_Form -->
