<?xml version="1.0" encoding="UTF-8"?>
<!-- Generated by org.testng.reporters.JUnitReportReporter -->
<testsuite hostname="DESKTOP-5KTOU1E" failures="0" tests="1" name="FKM.News_Article" time="18.899" errors="0" timestamp="2024-08-29T15:59:26 IST" skipped="0">
  <testcase classname="FKM.News_Article" name="newsArticle" time="18.899"/>
  <system-out/>
</testsuite> <!-- FKM.News_Article -->
