<?xml version="1.0" encoding="UTF-8"?>
<!-- Generated by org.testng.reporters.JUnitReportReporter -->
<testsuite hostname="DESKTOP-5KTOU1E" failures="0" tests="1" name="FKM.Edit_profile" time="15.923" errors="0" timestamp="2024-08-29T17:47:24 IST" skipped="0">
  <testcase classname="FKM.Edit_profile" name="profile" time="15.923"/>
  <system-out/>
</testsuite> <!-- FKM.Edit_profile -->
