<?xml version="1.0" encoding="UTF-8"?>
<!-- Generated by org.testng.reporters.JUnitReportReporter -->
<testsuite hostname="DESKTOP-5KTOU1E" failures="0" tests="1" name="Parameter.FormPara" time="1.496" errors="0" timestamp="2024-08-27T12:16:08 IST" skipped="0">
  <testcase classname="Parameter.FormPara" name="formPara" time="1.496"/>
  <system-out/>
</testsuite> <!-- Parameter.FormPara -->
