<?xml version="1.0" encoding="UTF-8"?>
<!-- Generated by org.testng.reporters.JUnitReportReporter -->
<testsuite hostname="DESKTOP-5KTOU1E" failures="0" tests="1" name="Fkm_WEB_Chrome.AccountSummary" time="68.318" errors="0" timestamp="2024-08-29T18:41:05 IST" skipped="0">
  <testcase classname="Fkm_WEB_Chrome.AccountSummary" name="summary" time="68.318"/>
  <system-out/>
</testsuite> <!-- Fkm_WEB_Chrome.AccountSummary -->
