<?xml version="1.0" encoding="UTF-8"?>
<!-- Generated by org.testng.reporters.JUnitReportReporter -->
<testsuite hostname="DESKTOP-5KTOU1E" failures="0" tests="1" name="Parsing.Deserialization" time="0.269" errors="0" timestamp="2024-08-26T18:43:14 IST" skipped="0">
  <testcase classname="Parsing.Deserialization" name="deserial" time="0.269"/>
  <system-out/>
</testsuite> <!-- Parsing.Deserialization -->
