<?xml version="1.0" encoding="UTF-8"?>
<!-- Generated by org.testng.reporters.JUnitReportReporter -->
<testsuite hostname="DESKTOP-5KTOU1E" failures="0" tests="1" name="Parsing.Serialization" time="1.769" errors="0" timestamp="2024-08-26T18:41:07 IST" skipped="0">
  <testcase classname="Parsing.Serialization" name="serial" time="1.769"/>
  <system-out/>
</testsuite> <!-- Parsing.Serialization -->
