<?xml version="1.0" encoding="UTF-8"?>
<!-- Generated by org.testng.reporters.JUnitReportReporter -->
<testsuite hostname="DESKTOP-5KTOU1E" failures="0" tests="1" name="Request_Chaining.Chain" time="2.393" errors="0" timestamp="2024-08-27T12:02:23 IST" skipped="0">
  <testcase classname="Request_Chaining.Chain" name="methodChaining" time="2.393"/>
  <system-out/>
</testsuite> <!-- Request_Chaining.Chain -->
