<?xml version="1.0" encoding="UTF-8"?>
<!-- Generated by org.testng.reporters.JUnitReportReporter -->
<testsuite hostname="DESKTOP-5KTOU1E" failures="0" tests="1" name="BDD_CRUD.Post" time="1.863" errors="0" timestamp="2024-08-26T14:47:01 IST" skipped="0">
  <testcase classname="BDD_CRUD.Post" name="post" time="1.863"/>
  <system-out/>
</testsuite> <!-- BDD_CRUD.Post -->
