<?xml version="1.0" encoding="UTF-8"?>
<!-- Generated by org.testng.reporters.JUnitReportReporter -->
<testsuite hostname="DESKTOP-5KTOU1E" failures="0" tests="1" name="fkm.Rest.BasicCRUD.Post_Single" time="1.751" errors="0" timestamp="2024-08-26T12:33:56 IST" skipped="0">
  <testcase classname="fkm.Rest.BasicCRUD.Post_Single" name="post" time="1.751"/>
  <system-out/>
</testsuite> <!-- fkm.Rest.BasicCRUD.Post_Single -->
