<?xml version="1.0" encoding="UTF-8"?>
<!-- Generated by org.testng.reporters.JUnitReportReporter -->
<testsuite hostname="DESKTOP-5KTOU1E" failures="0" tests="1" name="ThreeWayOfPost.CollectionObj" time="1.807" errors="0" timestamp="2024-08-26T17:45:13 IST" skipped="0">
  <testcase classname="ThreeWayOfPost.CollectionObj" name="collectionObject" time="1.807"/>
  <system-out/>
</testsuite> <!-- ThreeWayOfPost.CollectionObj -->
