<?xml version="1.0" encoding="UTF-8"?>
<!-- Generated by org.testng.reporters.JUnitReportReporter -->
<testsuite hostname="DESKTOP-5KTOU1E" failures="0" tests="1" name="BDD_CRUD.Get_All" time="1.507" errors="0" timestamp="2024-08-26T15:01:47 IST" skipped="0">
  <testcase classname="BDD_CRUD.Get_All" name="get_Single" time="1.507"/>
  <system-out/>
</testsuite> <!-- BDD_CRUD.Get_All -->
