<?xml version="1.0" encoding="UTF-8"?>
<!-- Generated by org.testng.reporters.JUnitReportReporter -->
<testsuite hostname="DESKTOP-5KTOU1E" failures="0" tests="1" name="ThreeWayOfPost.FileByPost" time="1.507" errors="0" timestamp="2024-08-26T17:46:24 IST" skipped="0">
  <testcase classname="ThreeWayOfPost.FileByPost" name="FilePost" time="1.507"/>
  <system-out/>
</testsuite> <!-- ThreeWayOfPost.FileByPost -->
