<?xml version="1.0" encoding="UTF-8"?>
<!-- Generated by org.testng.reporters.JUnitReportReporter -->
<testsuite hostname="DESKTOP-5KTOU1E" failures="0" tests="1" name="fkm.Rest.BasicCRUD.GetAll" time="1.437" errors="0" timestamp="2024-08-26T13:04:54 IST" skipped="0">
  <testcase classname="fkm.Rest.BasicCRUD.GetAll" name="getall" time="1.437"/>
  <system-out/>
</testsuite> <!-- fkm.Rest.BasicCRUD.GetAll -->
