<?xml version="1.0" encoding="UTF-8"?>
<!-- Generated by org.testng.reporters.JUnitReportReporter -->
<testsuite hostname="DESKTOP-5KTOU1E" failures="0" tests="1" name="fkm.Rest.BasicCRUD.Delete" time="1.437" errors="0" timestamp="2024-08-26T14:58:22 IST" skipped="0">
  <testcase classname="fkm.Rest.BasicCRUD.Delete" name="delProj" time="1.437"/>
  <system-out/>
</testsuite> <!-- fkm.Rest.BasicCRUD.Delete -->
