<?xml version="1.0" encoding="UTF-8"?>
<!-- Generated by org.testng.reporters.JUnitReportReporter -->
<testsuite hostname="DESKTOP-5KTOU1E" failures="0" tests="1" name="fkm.Rest.BasicCRUD.GetSingle_Proj" time="1.504" errors="0" timestamp="2024-08-27T17:00:53 IST" skipped="0">
  <testcase classname="fkm.Rest.BasicCRUD.GetSingle_Proj" name="getSingle" time="1.504"/>
  <system-out/>
</testsuite> <!-- fkm.Rest.BasicCRUD.GetSingle_Proj -->
