<?xml version="1.0" encoding="UTF-8"?>
<!-- Generated by org.testng.reporters.JUnitReportReporter -->
<testsuite hostname="DESKTOP-5KTOU1E" failures="0" tests="1" name="BDD_CRUD.DeleteBDD" time="1.513" errors="0" timestamp="2024-08-26T15:01:31 IST" skipped="0">
  <testcase classname="BDD_CRUD.DeleteBDD" name="delProj" time="1.513"/>
  <system-out/>
</testsuite> <!-- BDD_CRUD.DeleteBDD -->
