<?xml version="1.0" encoding="UTF-8"?>
<!-- Generated by org.testng.reporters.JUnitReportReporter -->
<testsuite hostname="DESKTOP-5KTOU1E" failures="0" tests="1" name="ThreeWayOfPost.JsonObj" time="2.090" errors="0" timestamp="2024-08-26T17:38:23 IST" skipped="0">
  <testcase classname="ThreeWayOfPost.JsonObj" name="jsonObj" time="2.090"/>
  <system-out/>
</testsuite> <!-- ThreeWayOfPost.JsonObj -->
